Determining if the pthread_create exist failed with the following output:
Change Dir: /mnt/d/pcl/FastTriangulation/CMakeFiles/CMakeTmp

Run Build Command:"/usr/bin/make" "cmTC_b207c/fast"
/usr/bin/make -f CMakeFiles/cmTC_b207c.dir/build.make CMakeFiles/cmTC_b207c.dir/build
make[1]: Entering directory '/mnt/d/pcl/FastTriangulation/CMakeFiles/CMakeTmp'
Building C object CMakeFiles/cmTC_b207c.dir/CheckSymbolExists.c.o
/usr/bin/cc    -o CMakeFiles/cmTC_b207c.dir/CheckSymbolExists.c.o   -c /mnt/d/pcl/FastTriangulation/CMakeFiles/CMakeTmp/CheckSymbolExists.c
Linking C executable cmTC_b207c
/usr/bin/cmake -E cmake_link_script CMakeFiles/cmTC_b207c.dir/link.txt --verbose=1
/usr/bin/cc      -rdynamic CMakeFiles/cmTC_b207c.dir/CheckSymbolExists.c.o  -o cmTC_b207c 
CMakeFiles/cmTC_b207c.dir/CheckSymbolExists.c.o: In function `main':
CheckSymbolExists.c:(.text+0x1b): undefined reference to `pthread_create'
collect2: error: ld returned 1 exit status
CMakeFiles/cmTC_b207c.dir/build.make:97: recipe for target 'cmTC_b207c' failed
make[1]: *** [cmTC_b207c] Error 1
make[1]: Leaving directory '/mnt/d/pcl/FastTriangulation/CMakeFiles/CMakeTmp'
Makefile:126: recipe for target 'cmTC_b207c/fast' failed
make: *** [cmTC_b207c/fast] Error 2

File /mnt/d/pcl/FastTriangulation/CMakeFiles/CMakeTmp/CheckSymbolExists.c:
/* */
#include <pthread.h>

int main(int argc, char** argv)
{
  (void)argv;
#ifndef pthread_create
  return ((int*)(&pthread_create))[argc];
#else
  (void)argc;
  return 0;
#endif
}

Determining if the function pthread_create exists in the pthreads failed with the following output:
Change Dir: /mnt/d/pcl/FastTriangulation/CMakeFiles/CMakeTmp

Run Build Command:"/usr/bin/make" "cmTC_bb81e/fast"
/usr/bin/make -f CMakeFiles/cmTC_bb81e.dir/build.make CMakeFiles/cmTC_bb81e.dir/build
make[1]: Entering directory '/mnt/d/pcl/FastTriangulation/CMakeFiles/CMakeTmp'
Building C object CMakeFiles/cmTC_bb81e.dir/CheckFunctionExists.c.o
/usr/bin/cc   -DCHECK_FUNCTION_EXISTS=pthread_create   -o CMakeFiles/cmTC_bb81e.dir/CheckFunctionExists.c.o   -c /usr/share/cmake-3.10/Modules/CheckFunctionExists.c
Linking C executable cmTC_bb81e
/usr/bin/cmake -E cmake_link_script CMakeFiles/cmTC_bb81e.dir/link.txt --verbose=1
/usr/bin/cc  -DCHECK_FUNCTION_EXISTS=pthread_create    -rdynamic CMakeFiles/cmTC_bb81e.dir/CheckFunctionExists.c.o  -o cmTC_bb81e -lpthreads 
/usr/bin/ld: cannot find -lpthreads
collect2: error: ld returned 1 exit status
CMakeFiles/cmTC_bb81e.dir/build.make:97: recipe for target 'cmTC_bb81e' failed
make[1]: *** [cmTC_bb81e] Error 1
make[1]: Leaving directory '/mnt/d/pcl/FastTriangulation/CMakeFiles/CMakeTmp'
Makefile:126: recipe for target 'cmTC_bb81e/fast' failed
make: *** [cmTC_bb81e/fast] Error 2


